#
# There is insufficient memory for the Java Runtime Environment to continue.
# Native memory allocation (mmap) failed to map 32505856 bytes for G1 virtual space
# Possible reasons:
#   The system is out of physical RAM or swap space
#   The process is running with CompressedOops enabled, and the Java Heap may be blocking the growth of the native heap
# Possible solutions:
#   Reduce memory load on the system
#   Increase physical memory or swap space
#   Check if swap backing store is full
#   Decrease Java heap size (-Xmx/-Xms)
#   Decrease number of Java threads
#   Decrease Java thread stack sizes (-Xss)
#   Set larger code cache with -XX:ReservedCodeCacheSize=
#   JVM is running with Unscaled Compressed Oops mode in which the Java heap is
#     placed in the first 4GB address space. The Java Heap base address is the
#     maximum limit for the native heap growth. Please use -XX:HeapBaseMinAddress
#     to set the Java Heap base and to place the Java Heap above 4GB virtual address.
# This output file may be truncated or incomplete.
#
#  Out of Memory Error (os_windows.cpp:3527), pid=8148, tid=12400
#
# JRE version: OpenJDK Runtime Environment (19.0.1+10) (build 19.0.1+10-21)
# Java VM: OpenJDK 64-Bit Server VM (19.0.1+10-21, mixed mode, sharing, tiered, compressed oops, compressed class ptrs, g1 gc, windows-amd64)
# No core dump will be written. Minidumps are not enabled by default on client versions of Windows
#

---------------  S U M M A R Y ------------

Command Line: -javaagent:C:\Program Files\JetBrains\IntelliJ IDEA Community Edition 2022.3.1\lib\idea_rt.jar=58996:C:\Program Files\JetBrains\IntelliJ IDEA Community Edition 2022.3.1\bin -Dfile.encoding=UTF-8 -Dsun.stdout.encoding=UTF-8 -Dsun.stderr.encoding=UTF-8 com.example.wealthFund.WealthFundApplication

Host: Intel(R) Core(TM) i7-4720HQ CPU @ 2.60GHz, 8 cores, 7G,  Windows 10 , 64 bit Build 19041 (10.0.19041.3155)
Time: Mon Aug 28 14:21:25 2023  Windows 10 , 64 bit Build 19041 (10.0.19041.3155) elapsed time: 10.636098 seconds (0d 0h 0m 10s)

---------------  T H R E A D  ---------------

Current thread (0x0000029bb7407410):  VMThread "VM Thread" [stack: 0x000000f1e4f00000,0x000000f1e5000000] [id=12400]

Stack: [0x000000f1e4f00000,0x000000f1e5000000]
Native frames: (J=compiled Java code, j=interpreted, Vv=VM code, C=native code)
V  [jvm.dll+0x6ee8fa]
V  [jvm.dll+0x857a1e]
V  [jvm.dll+0x85940e]
V  [jvm.dll+0x859ac3]
V  [jvm.dll+0x28291f]
V  [jvm.dll+0x6eb6e9]
V  [jvm.dll+0x6e028a]
V  [jvm.dll+0x357136]
V  [jvm.dll+0x35eb96]
V  [jvm.dll+0x3b555e]
V  [jvm.dll+0x3b578f]
V  [jvm.dll+0x32c6ea]
V  [jvm.dll+0x32c797]
V  [jvm.dll+0x374b52]
V  [jvm.dll+0x37328f]
V  [jvm.dll+0x32bf10]
V  [jvm.dll+0x37282b]
V  [jvm.dll+0x85ef83]
V  [jvm.dll+0x85fd49]
V  [jvm.dll+0x86027d]
V  [jvm.dll+0x86070b]
V  [jvm.dll+0x8607c7]
V  [jvm.dll+0x8015fa]
V  [jvm.dll+0x6ed5eb]
C  [ucrtbase.dll+0x21bb2]
C  [KERNEL32.DLL+0x17614]
C  [ntdll.dll+0x526b1]

VM_Operation (0x000000f1e74fda70): G1CollectForAllocation, mode: safepoint, requested by thread 0x0000029bbcd89730


---------------  P R O C E S S  ---------------

Threads class SMR info:
_java_thread_list=0x0000029bbe18bed0, length=33, elements={
0x0000029b98c1fb60, 0x0000029bb7427450, 0x0000029bb7427ff0, 0x0000029bb742c5b0,
0x0000029bb7430110, 0x0000029bb74329a0, 0x0000029bb7434d80, 0x0000029bb7444680,
0x0000029bb7443030, 0x0000029bb744f340, 0x0000029bb744f890, 0x0000029bb7452310,
0x0000029bb744edf0, 0x0000029bb7451320, 0x0000029bb7451870, 0x0000029bb7451dc0,
0x0000029bbcd8cc50, 0x0000029bbcd88740, 0x0000029bbcd881f0, 0x0000029bbcd88c90,
0x0000029bbcd86760, 0x0000029bbcd891e0, 0x0000029bbcd8b1c0, 0x0000029bbcd87750,
0x0000029bbcd86210, 0x0000029bbcd85770, 0x0000029bbcd89c80, 0x0000029bbcd89730,
0x0000029bbcd8a1d0, 0x0000029bbcd85220, 0x0000029bbcd85cc0, 0x0000029bbcd86cb0,
0x0000029bbcd87ca0
}

Java Threads: ( => current thread )
  0x0000029b98c1fb60 JavaThread "main" [_thread_blocked, id=11576, stack(0x000000f1e4900000,0x000000f1e4a00000)]
  0x0000029bb7427450 JavaThread "Reference Handler" daemon [_thread_blocked, id=14508, stack(0x000000f1e5000000,0x000000f1e5100000)]
  0x0000029bb7427ff0 JavaThread "Finalizer" daemon [_thread_blocked, id=14208, stack(0x000000f1e5100000,0x000000f1e5200000)]
  0x0000029bb742c5b0 JavaThread "Signal Dispatcher" daemon [_thread_blocked, id=10876, stack(0x000000f1e5200000,0x000000f1e5300000)]
  0x0000029bb7430110 JavaThread "Attach Listener" daemon [_thread_blocked, id=13696, stack(0x000000f1e5300000,0x000000f1e5400000)]
  0x0000029bb74329a0 JavaThread "Service Thread" daemon [_thread_blocked, id=15904, stack(0x000000f1e5400000,0x000000f1e5500000)]
  0x0000029bb7434d80 JavaThread "Monitor Deflation Thread" daemon [_thread_blocked, id=14356, stack(0x000000f1e5500000,0x000000f1e5600000)]
  0x0000029bb7444680 JavaThread "C2 CompilerThread0" daemon [_thread_blocked, id=7188, stack(0x000000f1e5600000,0x000000f1e5700000)]
  0x0000029bb7443030 JavaThread "C1 CompilerThread0" daemon [_thread_blocked, id=4756, stack(0x000000f1e5700000,0x000000f1e5800000)]
  0x0000029bb744f340 JavaThread "Sweeper thread" daemon [_thread_blocked, id=9928, stack(0x000000f1e5800000,0x000000f1e5900000)]
  0x0000029bb744f890 JavaThread "Common-Cleaner" daemon [_thread_blocked, id=4036, stack(0x000000f1e5900000,0x000000f1e5a00000)]
  0x0000029bb7452310 JavaThread "Monitor Ctrl-Break" daemon [_thread_in_native, id=14672, stack(0x000000f1e5a00000,0x000000f1e5b00000)]
  0x0000029bb744edf0 JavaThread "Notification Thread" daemon [_thread_blocked, id=13020, stack(0x000000f1e5b00000,0x000000f1e5c00000)]
  0x0000029bb7451320 JavaThread "Catalina-utility-1" [_thread_blocked, id=15920, stack(0x000000f1e6600000,0x000000f1e6700000)]
  0x0000029bb7451870 JavaThread "Catalina-utility-2" [_thread_blocked, id=9044, stack(0x000000f1e6700000,0x000000f1e6800000)]
  0x0000029bb7451dc0 JavaThread "container-0" [_thread_blocked, id=13604, stack(0x000000f1e6800000,0x000000f1e6900000)]
  0x0000029bbcd8cc50 JavaThread "mysql-cj-abandoned-connection-cleanup" daemon [_thread_blocked, id=12964, stack(0x000000f1e6900000,0x000000f1e6a00000)]
  0x0000029bbcd88740 JavaThread "HikariPool-1 housekeeper" daemon [_thread_blocked, id=4872, stack(0x000000f1e6b00000,0x000000f1e6c00000)]
  0x0000029bbcd881f0 JavaThread "HikariPool-1 connection adder" daemon [_thread_blocked, id=4408, stack(0x000000f1e6c00000,0x000000f1e6d00000)]
  0x0000029bbcd88c90 JavaThread "ClassGraph-worker-84" daemon [_thread_blocked, id=12224, stack(0x000000f1e5d00000,0x000000f1e5e00000)]
  0x0000029bbcd86760 JavaThread "ClassGraph-worker-85" daemon [_thread_blocked, id=4188, stack(0x000000f1e6d00000,0x000000f1e6e00000)]
  0x0000029bbcd891e0 JavaThread "ClassGraph-worker-86" daemon [_thread_blocked, id=7000, stack(0x000000f1e6e00000,0x000000f1e6f00000)]
  0x0000029bbcd8b1c0 JavaThread "ClassGraph-worker-87" daemon [_thread_blocked, id=14644, stack(0x000000f1e6f00000,0x000000f1e7000000)]
  0x0000029bbcd87750 JavaThread "ClassGraph-worker-88" daemon [_thread_blocked, id=2364, stack(0x000000f1e7000000,0x000000f1e7100000)]
  0x0000029bbcd86210 JavaThread "ClassGraph-worker-89" daemon [_thread_blocked, id=11876, stack(0x000000f1e7100000,0x000000f1e7200000)]
  0x0000029bbcd85770 JavaThread "ClassGraph-worker-90" daemon [_thread_blocked, id=12560, stack(0x000000f1e7200000,0x000000f1e7300000)]
  0x0000029bbcd89c80 JavaThread "ClassGraph-worker-91" daemon [_thread_blocked, id=8980, stack(0x000000f1e7300000,0x000000f1e7400000)]
  0x0000029bbcd89730 JavaThread "ClassGraph-worker-92" daemon [_thread_blocked, id=6360, stack(0x000000f1e7400000,0x000000f1e7500000)]
  0x0000029bbcd8a1d0 JavaThread "ClassGraph-worker-93" daemon [_thread_blocked, id=12576, stack(0x000000f1e7500000,0x000000f1e7600000)]
  0x0000029bbcd85220 JavaThread "ClassGraph-worker-94" daemon [_thread_blocked, id=15916, stack(0x000000f1e7600000,0x000000f1e7700000)]
  0x0000029bbcd85cc0 JavaThread "ClassGraph-worker-95" daemon [_thread_blocked, id=14964, stack(0x000000f1e7700000,0x000000f1e7800000)]
  0x0000029bbcd86cb0 JavaThread "ClassGraph-worker-96" daemon [_thread_blocked, id=7920, stack(0x000000f1e7800000,0x000000f1e7900000)]
  0x0000029bbcd87ca0 JavaThread "ClassGraph-worker-97" daemon [_thread_blocked, id=6852, stack(0x000000f1e7900000,0x000000f1e7a00000)]

Other Threads:
=>0x0000029bb7407410 VMThread "VM Thread" [stack: 0x000000f1e4f00000,0x000000f1e5000000] [id=12400]
  0x0000029bbbaf1bb0 WatcherThread "VM Periodic Task Thread" [stack: 0x000000f1e5c00000,0x000000f1e5d00000] [id=12324]
  0x0000029b98c7cc40 WorkerThread "GC Thread#0" [stack: 0x000000f1e4a00000,0x000000f1e4b00000] [id=11216]
  0x0000029bbc4df3b0 WorkerThread "GC Thread#1" [stack: 0x000000f1e5e00000,0x000000f1e5f00000] [id=1208]
  0x0000029bbc4dfef0 WorkerThread "GC Thread#2" [stack: 0x000000f1e5f00000,0x000000f1e6000000] [id=6720]
  0x0000029bbc4e01c0 WorkerThread "GC Thread#3" [stack: 0x000000f1e6000000,0x000000f1e6100000] [id=9156]
  0x0000029bbc4e0760 WorkerThread "GC Thread#4" [stack: 0x000000f1e6100000,0x000000f1e6200000] [id=12608]
  0x0000029bbc4e0490 WorkerThread "GC Thread#5" [stack: 0x000000f1e6200000,0x000000f1e6300000] [id=14608]
  0x0000029bbc4e0a30 WorkerThread "GC Thread#6" [stack: 0x000000f1e6300000,0x000000f1e6400000] [id=16192]
  0x0000029bbc4df950 WorkerThread "GC Thread#7" [stack: 0x000000f1e6400000,0x000000f1e6500000] [id=8480]
  0x0000029b96bae460 ConcurrentGCThread "G1 Main Marker" [stack: 0x000000f1e4b00000,0x000000f1e4c00000] [id=1864]
  0x0000029b98c8cf50 WorkerThread "G1 Conc#0" [stack: 0x000000f1e4c00000,0x000000f1e4d00000] [id=14140]
  0x0000029bbdb29770 WorkerThread "G1 Conc#1" [stack: 0x000000f1e6500000,0x000000f1e6600000] [id=12112]
  0x0000029b98cde700 ConcurrentGCThread "G1 Refine#0" [stack: 0x000000f1e4d00000,0x000000f1e4e00000] [id=8152]
  0x0000029bb72c6170 ConcurrentGCThread "G1 Service" [stack: 0x000000f1e4e00000,0x000000f1e4f00000] [id=14536]

Threads with active compile tasks:
C2 CompilerThread0    10670 6710       4       java.util.HashMap::containsKey (14 bytes)

VM state: at safepoint (normal execution)

VM Mutex/Monitor currently owned by a thread:  ([mutex/lock_event])
[0x0000029b98c1a6d0] Threads_lock - owner thread: 0x0000029bb7407410
[0x0000029b98c1b600] Heap_lock - owner thread: 0x0000029bbcd89730

Heap address: 0x0000000081400000, size: 2028 MB, Compressed Oops mode: 32-bit

CDS archive(s) mapped at: [0x0000000800000000-0x0000000800c30000-0x0000000800c30000), size 12779520, SharedBaseAddress: 0x0000000800000000, ArchiveRelocationMode: 0.
Compressed class space mapped at: 0x0000000801000000-0x0000000841000000, reserved size: 1073741824
Narrow klass base: 0x0000000800000000, Narrow klass shift: 0, Narrow klass range: 0x100000000

GC Precious Log:
 CardTable entry size: 512
 Card Set container configuration: InlinePtr #cards 5 size 8 Array Of Cards #cards 12 size 40 Howl #buckets 4 coarsen threshold 1843 Howl Bitmap #cards 512 size 80 coarsen threshold 460 Card regions per heap region 1 cards per card region 2048
 CPUs: 8 total, 8 available
 Memory: 8108M
 Large Page Support: Disabled
 NUMA Support: Disabled
 Compressed Oops: Enabled (32-bit)
 Heap Region Size: 1M
 Heap Min Capacity: 8M
 Heap Initial Capacity: 128M
 Heap Max Capacity: 2028M
 Pre-touch: Disabled
 Parallel Workers: 8
 Concurrent Workers: 2
 Concurrent Refinement Workers: 8
 Periodic GC: Disabled

Heap:
 garbage-first heap   total 96256K, used 57154K [0x0000000081400000, 0x0000000100000000)
  region size 1024K, 4 young (4096K), 4 survivors (4096K)
 Metaspace       used 61831K, committed 62336K, reserved 1114112K
  class space    used 7802K, committed 8064K, reserved 1048576K

Heap Regions: E=young(eden), S=young(survivor), O=old, HS=humongous(starts), HC=humongous(continues), CS=collection set, F=free, OA=open archive, CA=closed archive, TAMS=top-at-mark-start (previous, next)
|   0|0x0000000081400000, 0x0000000081500000, 0x0000000081500000|100%|HS|  |TAMS 0x0000000081500000, 0x0000000081500000| Complete 
|   1|0x0000000081500000, 0x0000000081600000, 0x0000000081600000|100%| O|  |TAMS 0x0000000081600000, 0x0000000081600000| Untracked 
|   2|0x0000000081600000, 0x0000000081700000, 0x0000000081700000|100%| O|  |TAMS 0x0000000081700000, 0x0000000081700000| Untracked 
|   3|0x0000000081700000, 0x0000000081800000, 0x0000000081800000|100%| O|  |TAMS 0x0000000081800000, 0x0000000081800000| Untracked 
|   4|0x0000000081800000, 0x0000000081900000, 0x0000000081900000|100%| O|  |TAMS 0x0000000081900000, 0x0000000081900000| Untracked 
|   5|0x0000000081900000, 0x0000000081a00000, 0x0000000081a00000|100%| O|  |TAMS 0x0000000081a00000, 0x0000000081a00000| Untracked 
|   6|0x0000000081a00000, 0x0000000081b00000, 0x0000000081b00000|100%| O|  |TAMS 0x0000000081b00000, 0x0000000081b00000| Untracked 
|   7|0x0000000081b00000, 0x0000000081c00000, 0x0000000081c00000|100%| O|  |TAMS 0x0000000081c00000, 0x0000000081c00000| Untracked 
|   8|0x0000000081c00000, 0x0000000081d00000, 0x0000000081d00000|100%| O|  |TAMS 0x0000000081d00000, 0x0000000081d00000| Untracked 
|   9|0x0000000081d00000, 0x0000000081e00000, 0x0000000081e00000|100%| O|  |TAMS 0x0000000081e00000, 0x0000000081e00000| Untracked 
|  10|0x0000000081e00000, 0x0000000081f00000, 0x0000000081f00000|100%| O|  |TAMS 0x0000000081f00000, 0x0000000081f00000| Untracked 
|  11|0x0000000081f00000, 0x0000000082000000, 0x0000000082000000|100%| O|  |TAMS 0x0000000082000000, 0x0000000082000000| Untracked 
|  12|0x0000000082000000, 0x0000000082100000, 0x0000000082100000|100%| O|  |TAMS 0x0000000082100000, 0x0000000082100000| Untracked 
|  13|0x0000000082100000, 0x0000000082200000, 0x0000000082200000|100%| O|  |TAMS 0x0000000082200000, 0x0000000082200000| Untracked 
|  14|0x0000000082200000, 0x0000000082300000, 0x0000000082300000|100%| O|  |TAMS 0x0000000082300000, 0x0000000082300000| Untracked 
|  15|0x0000000082300000, 0x0000000082400000, 0x0000000082400000|100%| O|  |TAMS 0x0000000082400000, 0x0000000082400000| Untracked 
|  16|0x0000000082400000, 0x0000000082500000, 0x0000000082500000|100%| O|  |TAMS 0x0000000082500000, 0x0000000082500000| Untracked 
|  17|0x0000000082500000, 0x0000000082600000, 0x0000000082600000|100%| O|  |TAMS 0x0000000082600000, 0x0000000082600000| Untracked 
|  18|0x0000000082600000, 0x0000000082700000, 0x0000000082700000|100%| O|  |TAMS 0x0000000082700000, 0x0000000082700000| Untracked 
|  19|0x0000000082700000, 0x0000000082800000, 0x0000000082800000|100%| O|  |TAMS 0x00000000827ae000, 0x0000000082800000| Untracked 
|  20|0x0000000082800000, 0x0000000082900000, 0x0000000082900000|100%| O|  |TAMS 0x0000000082900000, 0x0000000082900000| Untracked 
|  21|0x0000000082900000, 0x0000000082a00000, 0x0000000082a00000|100%| O|  |TAMS 0x0000000082900000, 0x0000000082a00000| Untracked 
|  22|0x0000000082a00000, 0x0000000082b00000, 0x0000000082b00000|100%| O|  |TAMS 0x0000000082a00000, 0x0000000082b00000| Untracked 
|  23|0x0000000082b00000, 0x0000000082c00000, 0x0000000082c00000|100%| O|  |TAMS 0x0000000082b00000, 0x0000000082c00000| Untracked 
|  24|0x0000000082c00000, 0x0000000082d00000, 0x0000000082d00000|100%| O|  |TAMS 0x0000000082c00000, 0x0000000082d00000| Untracked 
|  25|0x0000000082d00000, 0x0000000082e00000, 0x0000000082e00000|100%| O|  |TAMS 0x0000000082d00000, 0x0000000082e00000| Untracked 
|  26|0x0000000082e00000, 0x0000000082f00000, 0x0000000082f00000|100%| O|  |TAMS 0x0000000082e00000, 0x0000000082f00000| Untracked 
|  27|0x0000000082f00000, 0x0000000082f00000, 0x0000000083000000|  0%| F|  |TAMS 0x0000000082f00000, 0x0000000082f00000| Untracked 
|  28|0x0000000083000000, 0x0000000083100000, 0x0000000083100000|100%| O|  |TAMS 0x0000000083000000, 0x0000000083100000| Untracked 
|  29|0x0000000083100000, 0x0000000083200000, 0x0000000083200000|100%| O|  |TAMS 0x0000000083100000, 0x0000000083200000| Untracked 
|  30|0x0000000083200000, 0x0000000083300000, 0x0000000083300000|100%| O|  |TAMS 0x0000000083200000, 0x0000000083300000| Untracked 
|  31|0x0000000083300000, 0x0000000083400000, 0x0000000083400000|100%| O|  |TAMS 0x0000000083300000, 0x0000000083400000| Untracked 
|  32|0x0000000083400000, 0x0000000083500000, 0x0000000083500000|100%| O|  |TAMS 0x0000000083400000, 0x0000000083500000| Untracked 
|  33|0x0000000083500000, 0x0000000083600000, 0x0000000083600000|100%| O|  |TAMS 0x0000000083500000, 0x0000000083600000| Untracked 
|  34|0x0000000083600000, 0x0000000083700000, 0x0000000083700000|100%| O|  |TAMS 0x0000000083600000, 0x0000000083700000| Untracked 
|  35|0x0000000083700000, 0x0000000083800000, 0x0000000083800000|100%| O|  |TAMS 0x0000000083700000, 0x0000000083800000| Untracked 
|  36|0x0000000083800000, 0x0000000083900000, 0x0000000083900000|100%| O|  |TAMS 0x0000000083800000, 0x0000000083900000| Untracked 
|  37|0x0000000083900000, 0x0000000083a00000, 0x0000000083a00000|100%| O|  |TAMS 0x0000000083900000, 0x0000000083a00000| Untracked 
|  38|0x0000000083a00000, 0x0000000083b00000, 0x0000000083b00000|100%| O|  |TAMS 0x0000000083a00000, 0x0000000083b00000| Untracked 
|  39|0x0000000083b00000, 0x0000000083c00000, 0x0000000083c00000|100%| O|  |TAMS 0x0000000083b00000, 0x0000000083c00000| Untracked 
|  40|0x0000000083c00000, 0x0000000083d00000, 0x0000000083d00000|100%| O|  |TAMS 0x0000000083c00000, 0x0000000083d00000| Untracked 
|  41|0x0000000083d00000, 0x0000000083e00000, 0x0000000083e00000|100%| O|  |TAMS 0x0000000083d00000, 0x0000000083e00000| Untracked 
|  42|0x0000000083e00000, 0x0000000083f00000, 0x0000000083f00000|100%| O|  |TAMS 0x0000000083e00000, 0x0000000083f00000| Untracked 
|  43|0x0000000083f00000, 0x0000000084000000, 0x0000000084000000|100%| O|  |TAMS 0x0000000083f00000, 0x0000000084000000| Untracked 
|  44|0x0000000084000000, 0x0000000084100000, 0x0000000084100000|100%| O|  |TAMS 0x0000000084000000, 0x0000000084100000| Untracked 
|  45|0x0000000084100000, 0x0000000084200000, 0x0000000084200000|100%| O|  |TAMS 0x0000000084100000, 0x0000000084123400| Untracked 
|  46|0x0000000084200000, 0x0000000084300000, 0x0000000084300000|100%| O|  |TAMS 0x0000000084200000, 0x0000000084200000| Untracked 
|  47|0x0000000084300000, 0x0000000084400000, 0x0000000084400000|100%| O|  |TAMS 0x0000000084300000, 0x0000000084300000| Untracked 
|  48|0x0000000084400000, 0x0000000084500000, 0x0000000084500000|100%| O|  |TAMS 0x0000000084400000, 0x0000000084400000| Untracked 
|  49|0x0000000084500000, 0x0000000084600000, 0x0000000084600000|100%| O|  |TAMS 0x0000000084500000, 0x0000000084500000| Untracked 
|  50|0x0000000084600000, 0x0000000084700000, 0x0000000084700000|100%| O|  |TAMS 0x0000000084600000, 0x0000000084600000| Untracked 
|  51|0x0000000084700000, 0x0000000084800000, 0x0000000084800000|100%| O|  |TAMS 0x0000000084700000, 0x0000000084700000| Untracked 
|  52|0x0000000084800000, 0x00000000848d0800, 0x0000000084900000| 81%| O|  |TAMS 0x0000000084800000, 0x0000000084800000| Untracked 
|  53|0x0000000084900000, 0x0000000084900000, 0x0000000084a00000|  0%| F|  |TAMS 0x0000000084900000, 0x0000000084900000| Untracked 
|  54|0x0000000084a00000, 0x0000000084a00000, 0x0000000084b00000|  0%| F|  |TAMS 0x0000000084a00000, 0x0000000084a00000| Untracked 
|  55|0x0000000084b00000, 0x0000000084b00000, 0x0000000084c00000|  0%| F|  |TAMS 0x0000000084b00000, 0x0000000084b00000| Untracked 
|  56|0x0000000084c00000, 0x0000000084c00000, 0x0000000084d00000|  0%| F|  |TAMS 0x0000000084c00000, 0x0000000084c00000| Untracked 
|  57|0x0000000084d00000, 0x0000000084d00000, 0x0000000084e00000|  0%| F|  |TAMS 0x0000000084d00000, 0x0000000084d00000| Untracked 
|  58|0x0000000084e00000, 0x0000000084e00000, 0x0000000084f00000|  0%| F|  |TAMS 0x0000000084e00000, 0x0000000084e00000| Untracked 
|  59|0x0000000084f00000, 0x0000000084f00000, 0x0000000085000000|  0%| F|  |TAMS 0x0000000084f00000, 0x0000000084f00000| Untracked 
|  60|0x0000000085000000, 0x0000000085000000, 0x0000000085100000|  0%| F|  |TAMS 0x0000000085000000, 0x0000000085000000| Untracked 
|  61|0x0000000085100000, 0x0000000085100000, 0x0000000085200000|  0%| F|  |TAMS 0x0000000085100000, 0x0000000085100000| Untracked 
|  62|0x0000000085200000, 0x0000000085200000, 0x0000000085300000|  0%| F|  |TAMS 0x0000000085200000, 0x0000000085200000| Untracked 
|  63|0x0000000085300000, 0x0000000085300000, 0x0000000085400000|  0%| F|  |TAMS 0x0000000085300000, 0x0000000085300000| Untracked 
|  64|0x0000000085400000, 0x0000000085400000, 0x0000000085500000|  0%| F|  |TAMS 0x0000000085400000, 0x0000000085400000| Untracked 
|  65|0x0000000085500000, 0x0000000085500000, 0x0000000085600000|  0%| F|  |TAMS 0x0000000085500000, 0x0000000085500000| Untracked 
|  66|0x0000000085600000, 0x0000000085600000, 0x0000000085700000|  0%| F|  |TAMS 0x0000000085600000, 0x0000000085600000| Untracked 
|  67|0x0000000085700000, 0x0000000085700000, 0x0000000085800000|  0%| F|  |TAMS 0x0000000085700000, 0x0000000085700000| Untracked 
|  68|0x0000000085800000, 0x0000000085800000, 0x0000000085900000|  0%| F|  |TAMS 0x0000000085800000, 0x0000000085800000| Untracked 
|  69|0x0000000085900000, 0x0000000085a00000, 0x0000000085a00000|100%| S|CS|TAMS 0x0000000085900000, 0x0000000085900000| Complete 
|  70|0x0000000085a00000, 0x0000000085b00000, 0x0000000085b00000|100%| S|CS|TAMS 0x0000000085a00000, 0x0000000085a00000| Complete 
|  71|0x0000000085b00000, 0x0000000085c00000, 0x0000000085c00000|100%| S|CS|TAMS 0x0000000085b00000, 0x0000000085b00000| Complete 
|  72|0x0000000085c00000, 0x0000000085d00000, 0x0000000085d00000|100%| S|CS|TAMS 0x0000000085c00000, 0x0000000085c00000| Complete 
|  73|0x0000000085d00000, 0x0000000085d00000, 0x0000000085e00000|  0%| F|  |TAMS 0x0000000085d00000, 0x0000000085d00000| Untracked 
|  74|0x0000000085e00000, 0x0000000085e00000, 0x0000000085f00000|  0%| F|  |TAMS 0x0000000085e00000, 0x0000000085e00000| Untracked 
|  75|0x0000000085f00000, 0x0000000085f00000, 0x0000000086000000|  0%| F|  |TAMS 0x0000000085f00000, 0x0000000085f00000| Untracked 
|  76|0x0000000086000000, 0x0000000086000000, 0x0000000086100000|  0%| F|  |TAMS 0x0000000086000000, 0x0000000086000000| Untracked 
|  77|0x0000000086100000, 0x0000000086100000, 0x0000000086200000|  0%| F|  |TAMS 0x0000000086100000, 0x0000000086100000| Untracked 
|  78|0x0000000086200000, 0x0000000086200000, 0x0000000086300000|  0%| F|  |TAMS 0x0000000086200000, 0x0000000086200000| Untracked 
|  79|0x0000000086300000, 0x0000000086300000, 0x0000000086400000|  0%| F|  |TAMS 0x0000000086300000, 0x0000000086300000| Untracked 
|  80|0x0000000086400000, 0x0000000086400000, 0x0000000086500000|  0%| F|  |TAMS 0x0000000086400000, 0x0000000086400000| Untracked 
|  81|0x0000000086500000, 0x0000000086500000, 0x0000000086600000|  0%| F|  |TAMS 0x0000000086500000, 0x0000000086500000| Untracked 
|  82|0x0000000086600000, 0x0000000086600000, 0x0000000086700000|  0%| F|  |TAMS 0x0000000086600000, 0x0000000086600000| Untracked 
|  83|0x0000000086700000, 0x0000000086700000, 0x0000000086800000|  0%| F|  |TAMS 0x0000000086700000, 0x0000000086700000| Untracked 
|  84|0x0000000086800000, 0x0000000086800000, 0x0000000086900000|  0%| F|  |TAMS 0x0000000086800000, 0x0000000086800000| Untracked 
|  85|0x0000000086900000, 0x0000000086900000, 0x0000000086a00000|  0%| F|  |TAMS 0x0000000086900000, 0x0000000086900000| Untracked 
|  86|0x0000000086a00000, 0x0000000086a00000, 0x0000000086b00000|  0%| F|  |TAMS 0x0000000086a00000, 0x0000000086a00000| Untracked 
|  87|0x0000000086b00000, 0x0000000086b00000, 0x0000000086c00000|  0%| F|  |TAMS 0x0000000086b00000, 0x0000000086b00000| Untracked 
|  88|0x0000000086c00000, 0x0000000086c00000, 0x0000000086d00000|  0%| F|  |TAMS 0x0000000086c00000, 0x0000000086c00000| Untracked 
|  89|0x0000000086d00000, 0x0000000086d00000, 0x0000000086e00000|  0%| F|  |TAMS 0x0000000086d00000, 0x0000000086d00000| Untracked 
|  90|0x0000000086e00000, 0x0000000086e00000, 0x0000000086f00000|  0%| F|  |TAMS 0x0000000086e00000, 0x0000000086e00000| Untracked 
|  91|0x0000000086f00000, 0x0000000086f00000, 0x0000000087000000|  0%| F|  |TAMS 0x0000000086f00000, 0x0000000086f00000| Untracked 
|  92|0x0000000087000000, 0x0000000087000000, 0x0000000087100000|  0%| F|  |TAMS 0x0000000087000000, 0x0000000087000000| Untracked 
| 127|0x0000000089300000, 0x0000000089300000, 0x0000000089400000|  0%| F|  |TAMS 0x0000000089300000, 0x0000000089300000| Untracked 

Card table byte_map: [0x0000029bb02a0000,0x0000029bb06a0000] _byte_map_base: 0x0000029bafe96000

Marking Bits (Prev, Next): (CMBitMap*) 0x0000029b96badba0, (CMBitMap*) 0x0000029b96badb60
 Prev Bits: [0x0000029bb2a50000, 0x0000029bb4a00000)
 Next Bits: [0x0000029bb0aa0000, 0x0000029bb2a50000)

Polling page: 0x0000029b983e0000

Metaspace:

Usage:
  Non-class:     52.76 MB used.
      Class:      7.62 MB used.
       Both:     60.38 MB used.

Virtual space:
  Non-class space:       64.00 MB reserved,      53.00 MB ( 83%) committed,  1 nodes.
      Class space:        1.00 GB reserved,       7.88 MB ( <1%) committed,  1 nodes.
             Both:        1.06 GB reserved,      60.88 MB (  6%) committed. 

Chunk freelists:
   Non-Class:  2.07 MB
       Class:  85.00 KB
        Both:  2.15 MB

MaxMetaspaceSize: unlimited
CompressedClassSpaceSize: 1.00 GB
Initial GC threshold: 21.00 MB
Current GC threshold: 99.31 MB
CDS: on
MetaspaceReclaimPolicy: balanced
 - commit_granule_bytes: 65536.
 - commit_granule_words: 8192.
 - virtual_space_node_default_size: 8388608.
 - enlarge_chunks_in_place: 1.
 - new_chunks_are_fully_committed: 0.
 - uncommit_free_chunks: 1.
 - use_allocation_guard: 0.


Internal statistics:

num_allocs_failed_limit: 9.
num_arena_births: 710.
num_arena_deaths: 0.
num_vsnodes_births: 2.
num_vsnodes_deaths: 0.
num_space_committed: 974.
num_space_uncommitted: 0.
num_chunks_returned_to_freelist: 9.
num_chunks_taken_from_freelist: 2803.
num_chunk_merges: 9.
num_chunk_splits: 2035.
num_chunks_enlarged: 1643.
num_inconsistent_stats: 0.

CodeHeap 'non-profiled nmethods': size=120000Kb used=3279Kb max_used=3279Kb free=116720Kb
 bounds [0x0000029ba8640000, 0x0000029ba8980000, 0x0000029bafb70000]
CodeHeap 'profiled nmethods': size=120000Kb used=12836Kb max_used=12836Kb free=107163Kb
 bounds [0x0000029ba0b70000, 0x0000029ba1800000, 0x0000029ba80a0000]
CodeHeap 'non-nmethods': size=5760Kb used=1431Kb max_used=1466Kb free=4328Kb
 bounds [0x0000029ba80a0000, 0x0000029ba8310000, 0x0000029ba8640000]
 total_blobs=6590 nmethods=5911 adapters=589
 compilation: enabled
              stopped_count=0, restarted_count=0
 full_count=0

Compilation events (20 events):
Event: 10.602 Thread 0x0000029bb7443030 6751       2       java.util.IdentityHashMap::init (11 bytes)
Event: 10.602 Thread 0x0000029bb7443030 nmethod 6751 0x0000029ba17f6c10 code [0x0000029ba17f6da0, 0x0000029ba17f6f98]
Event: 10.605 Thread 0x0000029bb7444680 nmethod 6703 0x0000029ba8971c90 code [0x0000029ba8971e40, 0x0000029ba8972148]
Event: 10.605 Thread 0x0000029bb7444680 6642       4       java.util.concurrent.ConcurrentHashMap::addCount (280 bytes)
Event: 10.610 Thread 0x0000029bb7443030 6753       2       jdk.internal.misc.Unsafe::freeMemory (18 bytes)
Event: 10.611 Thread 0x0000029bb7443030 nmethod 6753 0x0000029ba17f7090 code [0x0000029ba17f7240, 0x0000029ba17f73f8]
Event: 10.613 Thread 0x0000029bb7443030 6755       2       sun.nio.fs.WindowsPathParser::parseNormalizedPath (6 bytes)
Event: 10.613 Thread 0x0000029bb7444680 nmethod 6642 0x0000029ba8972810 code [0x0000029ba89729e0, 0x0000029ba8972d70]
Event: 10.614 Thread 0x0000029bb7444680 6452       4       java.lang.String::getChars (54 bytes)
Event: 10.614 Thread 0x0000029bb7443030 nmethod 6755 0x0000029ba17f7510 code [0x0000029ba17f76c0, 0x0000029ba17f77c8]
Event: 10.614 Thread 0x0000029bb7443030 6756       2       java.io.RandomAccessFile::<init> (8 bytes)
Event: 10.614 Thread 0x0000029bb7443030 nmethod 6756 0x0000029ba17f7890 code [0x0000029ba17f7a40, 0x0000029ba17f7b68]
Event: 10.614 Thread 0x0000029bb7443030 6757       2       java.io.RandomAccessFile::<init> (262 bytes)
Event: 10.615 Thread 0x0000029bb7443030 nmethod 6757 0x0000029ba17f7c10 code [0x0000029ba17f7ec0, 0x0000029ba17f87f8]
Event: 10.615 Thread 0x0000029bb7443030 6758   !   2       java.io.RandomAccessFile::open (27 bytes)
Event: 10.615 Thread 0x0000029bb7443030 nmethod 6758 0x0000029ba17f8d10 code [0x0000029ba17f8ee0, 0x0000029ba17f9098]
Event: 10.618 Thread 0x0000029bb7444680 nmethod 6452 0x0000029ba8973490 code [0x0000029ba8973620, 0x0000029ba89739d8]
Event: 10.618 Thread 0x0000029bb7444680 6747       4       java.io.WinNTFileSystem::isSlash (18 bytes)
Event: 10.619 Thread 0x0000029bb7444680 nmethod 6747 0x0000029ba8973c90 code [0x0000029ba8973e00, 0x0000029ba8973e98]
Event: 10.619 Thread 0x0000029bb7444680 6710       4       java.util.HashMap::containsKey (14 bytes)

GC Heap History (20 events):
Event: 6.268 GC heap after
{Heap after GC invocations=9 (full 0):
 garbage-first heap   total 48128K, used 18992K [0x0000000081400000, 0x0000000100000000)
  region size 1024K, 2 young (2048K), 2 survivors (2048K)
 Metaspace       used 35777K, committed 36160K, reserved 1114112K
  class space    used 4483K, committed 4672K, reserved 1048576K
}
Event: 7.000 GC heap before
{Heap before GC invocations=10 (full 0):
 garbage-first heap   total 48128K, used 34352K [0x0000000081400000, 0x0000000100000000)
  region size 1024K, 17 young (17408K), 2 survivors (2048K)
 Metaspace       used 43171K, committed 43584K, reserved 1114112K
  class space    used 5384K, committed 5568K, reserved 1048576K
}
Event: 7.004 GC heap after
{Heap after GC invocations=11 (full 0):
 garbage-first heap   total 48128K, used 20584K [0x0000000081400000, 0x0000000100000000)
  region size 1024K, 3 young (3072K), 3 survivors (3072K)
 Metaspace       used 43171K, committed 43584K, reserved 1114112K
  class space    used 5384K, committed 5568K, reserved 1048576K
}
Event: 7.031 GC heap before
{Heap before GC invocations=11 (full 0):
 garbage-first heap   total 48128K, used 21608K [0x0000000081400000, 0x0000000100000000)
  region size 1024K, 4 young (4096K), 3 survivors (3072K)
 Metaspace       used 43328K, committed 43776K, reserved 1114112K
  class space    used 5407K, committed 5632K, reserved 1048576K
}
Event: 7.035 GC heap after
{Heap after GC invocations=12 (full 0):
 garbage-first heap   total 48128K, used 20672K [0x0000000081400000, 0x0000000100000000)
  region size 1024K, 1 young (1024K), 1 survivors (1024K)
 Metaspace       used 43328K, committed 43776K, reserved 1114112K
  class space    used 5407K, committed 5632K, reserved 1048576K
}
Event: 7.479 GC heap before
{Heap before GC invocations=12 (full 0):
 garbage-first heap   total 48128K, used 33984K [0x0000000081400000, 0x0000000100000000)
  region size 1024K, 15 young (15360K), 1 survivors (1024K)
 Metaspace       used 47236K, committed 47616K, reserved 1114112K
  class space    used 5954K, committed 6144K, reserved 1048576K
}
Event: 7.484 GC heap after
{Heap after GC invocations=13 (full 0):
 garbage-first heap   total 96256K, used 21403K [0x0000000081400000, 0x0000000100000000)
  region size 1024K, 2 young (2048K), 2 survivors (2048K)
 Metaspace       used 47236K, committed 47616K, reserved 1114112K
  class space    used 5954K, committed 6144K, reserved 1048576K
}
Event: 8.822 GC heap before
{Heap before GC invocations=13 (full 0):
 garbage-first heap   total 96256K, used 64411K [0x0000000081400000, 0x0000000100000000)
  region size 1024K, 45 young (46080K), 2 survivors (2048K)
 Metaspace       used 54906K, committed 55296K, reserved 1114112K
  class space    used 6982K, committed 7168K, reserved 1048576K
}
Event: 8.827 GC heap after
{Heap after GC invocations=14 (full 0):
 garbage-first heap   total 96256K, used 23771K [0x0000000081400000, 0x0000000100000000)
  region size 1024K, 4 young (4096K), 4 survivors (4096K)
 Metaspace       used 54906K, committed 55296K, reserved 1114112K
  class space    used 6982K, committed 7168K, reserved 1048576K
}
Event: 9.678 GC heap before
{Heap before GC invocations=14 (full 0):
 garbage-first heap   total 96256K, used 67803K [0x0000000081400000, 0x0000000100000000)
  region size 1024K, 47 young (48128K), 4 survivors (4096K)
 Metaspace       used 59623K, committed 60160K, reserved 1114112K
  class space    used 7552K, committed 7808K, reserved 1048576K
}
Event: 9.686 GC heap after
{Heap after GC invocations=15 (full 0):
 garbage-first heap   total 96256K, used 27044K [0x0000000081400000, 0x0000000100000000)
  region size 1024K, 6 young (6144K), 6 survivors (6144K)
 Metaspace       used 59623K, committed 60160K, reserved 1114112K
  class space    used 7552K, committed 7808K, reserved 1048576K
}
Event: 9.783 GC heap before
{Heap before GC invocations=15 (full 0):
 garbage-first heap   total 96256K, used 30116K [0x0000000081400000, 0x0000000100000000)
  region size 1024K, 10 young (10240K), 6 survivors (6144K)
 Metaspace       used 60318K, committed 60800K, reserved 1114112K
  class space    used 7641K, committed 7872K, reserved 1048576K
}
Event: 9.789 GC heap after
{Heap after GC invocations=16 (full 0):
 garbage-first heap   total 96256K, used 27815K [0x0000000081400000, 0x0000000100000000)
  region size 1024K, 1 young (1024K), 1 survivors (1024K)
 Metaspace       used 60318K, committed 60800K, reserved 1114112K
  class space    used 7641K, committed 7872K, reserved 1048576K
}
Event: 10.165 GC heap before
{Heap before GC invocations=17 (full 0):
 garbage-first heap   total 96256K, used 71847K [0x0000000081400000, 0x0000000100000000)
  region size 1024K, 44 young (45056K), 1 survivors (1024K)
 Metaspace       used 61591K, committed 62144K, reserved 1114112K
  class space    used 7793K, committed 8064K, reserved 1048576K
}
Event: 10.175 GC heap after
{Heap after GC invocations=18 (full 0):
 garbage-first heap   total 96256K, used 37387K [0x0000000081400000, 0x0000000100000000)
  region size 1024K, 6 young (6144K), 6 survivors (6144K)
 Metaspace       used 61591K, committed 62144K, reserved 1114112K
  class space    used 7793K, committed 8064K, reserved 1048576K
}
Event: 10.333 GC heap before
{Heap before GC invocations=18 (full 0):
 garbage-first heap   total 96256K, used 70155K [0x0000000081400000, 0x0000000100000000)
  region size 1024K, 38 young (38912K), 6 survivors (6144K)
 Metaspace       used 61706K, committed 62272K, reserved 1114112K
  class space    used 7796K, committed 8064K, reserved 1048576K
}
Event: 10.341 GC heap after
{Heap after GC invocations=19 (full 0):
 garbage-first heap   total 96256K, used 42798K [0x0000000081400000, 0x0000000100000000)
  region size 1024K, 5 young (5120K), 5 survivors (5120K)
 Metaspace       used 61706K, committed 62272K, reserved 1114112K
  class space    used 7796K, committed 8064K, reserved 1048576K
}
Event: 10.508 GC heap before
{Heap before GC invocations=19 (full 0):
 garbage-first heap   total 96256K, used 72494K [0x0000000081400000, 0x0000000100000000)
  region size 1024K, 33 young (33792K), 5 survivors (5120K)
 Metaspace       used 61773K, committed 62272K, reserved 1114112K
  class space    used 7801K, committed 8064K, reserved 1048576K
}
Event: 10.516 GC heap after
{Heap after GC invocations=20 (full 0):
 garbage-first heap   total 96256K, used 51341K [0x0000000081400000, 0x0000000100000000)
  region size 1024K, 5 young (5120K), 5 survivors (5120K)
 Metaspace       used 61773K, committed 62272K, reserved 1114112K
  class space    used 7801K, committed 8064K, reserved 1048576K
}
Event: 10.623 GC heap before
{Heap before GC invocations=20 (full 0):
 garbage-first heap   total 96256K, used 71821K [0x0000000081400000, 0x0000000100000000)
  region size 1024K, 26 young (26624K), 5 survivors (5120K)
 Metaspace       used 61831K, committed 62336K, reserved 1114112K
  class space    used 7802K, committed 8064K, reserved 1048576K
}

Dll operation events (14 events):
Event: 0.015 Loaded shared library C:\Users\1dzis\.jdks\openjdk-19.0.1\bin\java.dll
Event: 0.029 Loaded shared library C:\Users\1dzis\.jdks\openjdk-19.0.1\bin\jsvml.dll
Event: 0.183 Loaded shared library C:\Users\1dzis\.jdks\openjdk-19.0.1\bin\zip.dll
Event: 0.188 Loaded shared library C:\Users\1dzis\.jdks\openjdk-19.0.1\bin\instrument.dll
Event: 0.198 Loaded shared library C:\Users\1dzis\.jdks\openjdk-19.0.1\bin\net.dll
Event: 0.201 Loaded shared library C:\Users\1dzis\.jdks\openjdk-19.0.1\bin\nio.dll
Event: 0.206 Loaded shared library C:\Users\1dzis\.jdks\openjdk-19.0.1\bin\zip.dll
Event: 0.396 Loaded shared library C:\Program Files\JetBrains\IntelliJ IDEA Community Edition 2022.3.1\bin\breakgen64.dll
Event: 0.429 Loaded shared library C:\Users\1dzis\.jdks\openjdk-19.0.1\bin\extnet.dll
Event: 0.463 Loaded shared library C:\Users\1dzis\.jdks\openjdk-19.0.1\bin\verify.dll
Event: 0.472 Loaded shared library C:\Users\1dzis\.jdks\openjdk-19.0.1\bin\jimage.dll
Event: 1.550 Loaded shared library C:\Users\1dzis\.jdks\openjdk-19.0.1\bin\management.dll
Event: 1.553 Loaded shared library C:\Users\1dzis\.jdks\openjdk-19.0.1\bin\management_ext.dll
Event: 4.966 Loaded shared library C:\Users\1dzis\.jdks\openjdk-19.0.1\bin\sunmscapi.dll

Deoptimization events (20 events):
Event: 10.563 Thread 0x0000029bbcd88c90 DEOPT PACKING pc=0x0000029ba0eeb14b sp=0x000000f1e75fe840
Event: 10.563 Thread 0x0000029bbcd88c90 DEOPT UNPACKING pc=0x0000029ba8107543 sp=0x000000f1e75fdd50 mode 0
Event: 10.563 Thread 0x0000029bbcd89c80 DEOPT PACKING pc=0x0000029ba0eeb12a sp=0x000000f1e74feea0
Event: 10.563 Thread 0x0000029bbcd89c80 DEOPT UNPACKING pc=0x0000029ba8107543 sp=0x000000f1e74fe3b0 mode 0
Event: 10.563 Thread 0x0000029bbcd8a720 DEOPT PACKING pc=0x0000029ba0eead88 sp=0x000000f1e6ffef00
Event: 10.563 Thread 0x0000029bbcd8a720 DEOPT UNPACKING pc=0x0000029ba8107543 sp=0x000000f1e6ffe400 mode 0
Event: 10.565 Thread 0x0000029bbcd8a1d0 DEOPT PACKING pc=0x0000029ba0eeb12a sp=0x000000f1e6efede0
Event: 10.565 Thread 0x0000029bbcd8a1d0 DEOPT UNPACKING pc=0x0000029ba8107543 sp=0x000000f1e6efe2f0 mode 0
Event: 10.565 Thread 0x0000029bbcd891e0 DEOPT PACKING pc=0x0000029ba0eeb12a sp=0x000000f1e76fe8b0
Event: 10.565 Thread 0x0000029bbcd86210 DEOPT PACKING pc=0x0000029ba0eeb12a sp=0x000000f1e72fefd0
Event: 10.565 Thread 0x0000029bbcd86210 DEOPT UNPACKING pc=0x0000029ba8107543 sp=0x000000f1e72fe4e0 mode 0
Event: 10.565 Thread 0x0000029bbcd891e0 DEOPT UNPACKING pc=0x0000029ba8107543 sp=0x000000f1e76fddc0 mode 0
Event: 10.565 Thread 0x0000029bbcd89c80 DEOPT PACKING pc=0x0000029ba0eeb12a sp=0x000000f1e74feea0
Event: 10.565 Thread 0x0000029bbcd89c80 DEOPT UNPACKING pc=0x0000029ba8107543 sp=0x000000f1e74fe3b0 mode 0
Event: 10.566 Thread 0x0000029bbcd8a1d0 DEOPT PACKING pc=0x0000029ba0eeb14b sp=0x000000f1e6efede0
Event: 10.566 Thread 0x0000029bbcd8a1d0 DEOPT UNPACKING pc=0x0000029ba8107543 sp=0x000000f1e6efe2f0 mode 0
Event: 10.567 Thread 0x0000029bbcd8a1d0 DEOPT PACKING pc=0x0000029ba0eeb12a sp=0x000000f1e6efede0
Event: 10.567 Thread 0x0000029bbcd8a1d0 DEOPT UNPACKING pc=0x0000029ba8107543 sp=0x000000f1e6efe2f0 mode 0
Event: 10.568 Thread 0x0000029bbcd87ca0 DEOPT PACKING pc=0x0000029ba0eeb14b sp=0x000000f1e73fea10
Event: 10.568 Thread 0x0000029bbcd87ca0 DEOPT UNPACKING pc=0x0000029ba8107543 sp=0x000000f1e73fdf20 mode 0

Classes loaded (20 events):
Event: 9.908 Loading class java/lang/LayerInstantiationException
Event: 9.908 Loading class java/lang/LayerInstantiationException done
Event: 9.909 Loading class jdk/internal/loader/Loader
Event: 9.910 Loading class jdk/internal/loader/Loader done
Event: 9.929 Loading class java/io/IOError
Event: 9.929 Loading class java/io/IOError done
Event: 9.946 Loading class java/util/AbstractMap$SimpleEntry
Event: 9.946 Loading class java/util/AbstractMap$SimpleEntry done
Event: 9.973 Loading class sun/nio/fs/WindowsLinkSupport
Event: 9.973 Loading class sun/nio/fs/WindowsLinkSupport done
Event: 9.995 Loading class java/nio/channels/spi/AbstractInterruptibleChannel$1
Event: 9.995 Loading class sun/nio/ch/Interruptible
Event: 9.995 Loading class sun/nio/ch/Interruptible done
Event: 9.996 Loading class java/nio/channels/spi/AbstractInterruptibleChannel$1 done
Event: 9.997 Loading class java/nio/ReadOnlyBufferException
Event: 9.998 Loading class java/nio/ReadOnlyBufferException done
Event: 10.000 Loading class java/util/zip/DataFormatException
Event: 10.001 Loading class java/util/zip/DataFormatException done
Event: 10.580 Loading class java/util/concurrent/atomic/Striped64$Cell
Event: 10.581 Loading class java/util/concurrent/atomic/Striped64$Cell done

Classes unloaded (0 events):
No events

Classes redefined (0 events):
No events

Internal exceptions (20 events):
Event: 10.603 Thread 0x0000029bbcd86760 Exception <a 'sun/nio/fs/WindowsException'{0x00000000861c0d98}> (0x00000000861c0d98) 
thrown [s\open\src\hotspot\share\prims\jni.cpp, line 517]
Event: 10.604 Thread 0x0000029bbcd86760 Exception <a 'sun/nio/fs/WindowsException'{0x00000000861c10c8}> (0x00000000861c10c8) 
thrown [s\open\src\hotspot\share\prims\jni.cpp, line 517]
Event: 10.604 Thread 0x0000029bbcd86760 Exception <a 'sun/nio/fs/WindowsException'{0x00000000861c1a80}> (0x00000000861c1a80) 
thrown [s\open\src\hotspot\share\prims\jni.cpp, line 517]
Event: 10.604 Thread 0x0000029bbcd86760 Exception <a 'sun/nio/fs/WindowsException'{0x00000000861c1df0}> (0x00000000861c1df0) 
thrown [s\open\src\hotspot\share\prims\jni.cpp, line 517]
Event: 10.604 Thread 0x0000029bbcd86760 Exception <a 'sun/nio/fs/WindowsException'{0x00000000861c2780}> (0x00000000861c2780) 
thrown [s\open\src\hotspot\share\prims\jni.cpp, line 517]
Event: 10.604 Thread 0x0000029bbcd86760 Exception <a 'sun/nio/fs/WindowsException'{0x00000000861c2ac0}> (0x00000000861c2ac0) 
thrown [s\open\src\hotspot\share\prims\jni.cpp, line 517]
Event: 10.604 Thread 0x0000029bbcd86760 Exception <a 'sun/nio/fs/WindowsException'{0x00000000861c3428}> (0x00000000861c3428) 
thrown [s\open\src\hotspot\share\prims\jni.cpp, line 517]
Event: 10.604 Thread 0x0000029bbcd86760 Exception <a 'sun/nio/fs/WindowsException'{0x00000000861c3728}> (0x00000000861c3728) 
thrown [s\open\src\hotspot\share\prims\jni.cpp, line 517]
Event: 10.604 Thread 0x0000029bbcd86760 Exception <a 'sun/nio/fs/WindowsException'{0x00000000861c40a0}> (0x00000000861c40a0) 
thrown [s\open\src\hotspot\share\prims\jni.cpp, line 517]
Event: 10.604 Thread 0x0000029bbcd86760 Exception <a 'sun/nio/fs/WindowsException'{0x00000000861c43c0}> (0x00000000861c43c0) 
thrown [s\open\src\hotspot\share\prims\jni.cpp, line 517]
Event: 10.605 Thread 0x0000029bbcd86760 Exception <a 'sun/nio/fs/WindowsException'{0x00000000861c4d28}> (0x00000000861c4d28) 
thrown [s\open\src\hotspot\share\prims\jni.cpp, line 517]
Event: 10.605 Thread 0x0000029bbcd86760 Exception <a 'sun/nio/fs/WindowsException'{0x00000000861c5038}> (0x00000000861c5038) 
thrown [s\open\src\hotspot\share\prims\jni.cpp, line 517]
Event: 10.605 Thread 0x0000029bbcd86760 Exception <a 'sun/nio/fs/WindowsException'{0x00000000861c59b0}> (0x00000000861c59b0) 
thrown [s\open\src\hotspot\share\prims\jni.cpp, line 517]
Event: 10.605 Thread 0x0000029bbcd86760 Exception <a 'sun/nio/fs/WindowsException'{0x00000000861c5cd0}> (0x00000000861c5cd0) 
thrown [s\open\src\hotspot\share\prims\jni.cpp, line 517]
Event: 10.606 Thread 0x0000029bbcd86760 Exception <a 'sun/nio/fs/WindowsException'{0x000000008601be60}> (0x000000008601be60) 
thrown [s\open\src\hotspot\share\prims\jni.cpp, line 517]
Event: 10.606 Thread 0x0000029bbcd86760 Exception <a 'sun/nio/fs/WindowsException'{0x000000008601c1a0}> (0x000000008601c1a0) 
thrown [s\open\src\hotspot\share\prims\jni.cpp, line 517]
Event: 10.606 Thread 0x0000029bbcd86760 Exception <a 'sun/nio/fs/WindowsException'{0x000000008601cb48}> (0x000000008601cb48) 
thrown [s\open\src\hotspot\share\prims\jni.cpp, line 517]
Event: 10.606 Thread 0x0000029bbcd86760 Exception <a 'sun/nio/fs/WindowsException'{0x000000008601cea0}> (0x000000008601cea0) 
thrown [s\open\src\hotspot\share\prims\jni.cpp, line 517]
Event: 10.606 Thread 0x0000029bbcd86760 Exception <a 'sun/nio/fs/WindowsException'{0x000000008601d840}> (0x000000008601d840) 
thrown [s\open\src\hotspot\share\prims\jni.cpp, line 517]
Event: 10.607 Thread 0x0000029bbcd86760 Exception <a 'sun/nio/fs/WindowsException'{0x000000008601db90}> (0x000000008601db90) 
thrown [s\open\src\hotspot\share\prims\jni.cpp, line 517]

VM Operations (20 events):
Event: 9.789 Executing VM operation: CollectForMetadataAllocation done
Event: 9.803 Executing VM operation: HandshakeAllThreads
Event: 9.803 Executing VM operation: HandshakeAllThreads done
Event: 9.803 Executing VM operation: HandshakeAllThreads
Event: 9.803 Executing VM operation: HandshakeAllThreads done
Event: 9.814 Executing VM operation: G1PauseRemark
Event: 9.818 Executing VM operation: G1PauseRemark done
Event: 9.832 Executing VM operation: G1PauseCleanup
Event: 9.832 Executing VM operation: G1PauseCleanup done
Event: 9.865 Executing VM operation: HandshakeAllThreads
Event: 9.865 Executing VM operation: HandshakeAllThreads done
Event: 10.160 Executing VM operation: HandshakeAllThreads
Event: 10.160 Executing VM operation: HandshakeAllThreads done
Event: 10.164 Executing VM operation: G1CollectForAllocation
Event: 10.175 Executing VM operation: G1CollectForAllocation done
Event: 10.332 Executing VM operation: G1CollectForAllocation
Event: 10.344 Executing VM operation: G1CollectForAllocation done
Event: 10.507 Executing VM operation: G1CollectForAllocation
Event: 10.518 Executing VM operation: G1CollectForAllocation done
Event: 10.622 Executing VM operation: G1CollectForAllocation

Events (20 events):
Event: 10.580 Thread 0x0000029bbcd85770 Thread exited: 0x0000029bbcd85770
Event: 10.580 Thread 0x0000029bbcd89730 Thread exited: 0x0000029bbcd89730
Event: 10.580 Thread 0x0000029bbcd8b1c0 Thread exited: 0x0000029bbcd8b1c0
Event: 10.580 Thread 0x0000029bbcd891e0 Thread exited: 0x0000029bbcd891e0
Event: 10.580 Thread 0x0000029bbcd86760 Thread exited: 0x0000029bbcd86760
Event: 10.581 Thread 0x0000029bbcd8c700 Thread exited: 0x0000029bbcd8c700
Event: 10.600 Thread 0x0000029bbcd88c90 Thread added: 0x0000029bbcd88c90
Event: 10.600 Thread 0x0000029bbcd86760 Thread added: 0x0000029bbcd86760
Event: 10.601 Thread 0x0000029bbcd891e0 Thread added: 0x0000029bbcd891e0
Event: 10.601 Thread 0x0000029bbcd8b1c0 Thread added: 0x0000029bbcd8b1c0
Event: 10.601 Thread 0x0000029bbcd87750 Thread added: 0x0000029bbcd87750
Event: 10.601 Thread 0x0000029bbcd86210 Thread added: 0x0000029bbcd86210
Event: 10.601 Thread 0x0000029bbcd85770 Thread added: 0x0000029bbcd85770
Event: 10.601 Thread 0x0000029bbcd89c80 Thread added: 0x0000029bbcd89c80
Event: 10.601 Thread 0x0000029bbcd89730 Thread added: 0x0000029bbcd89730
Event: 10.602 Thread 0x0000029bbcd8a1d0 Thread added: 0x0000029bbcd8a1d0
Event: 10.602 Thread 0x0000029bbcd85220 Thread added: 0x0000029bbcd85220
Event: 10.602 Thread 0x0000029bbcd85cc0 Thread added: 0x0000029bbcd85cc0
Event: 10.602 Thread 0x0000029bbcd86cb0 Thread added: 0x0000029bbcd86cb0
Event: 10.602 Thread 0x0000029bbcd87ca0 Thread added: 0x0000029bbcd87ca0


Dynamic libraries:
0x00007ff783cb0000 - 0x00007ff783cbe000 	C:\Users\1dzis\.jdks\openjdk-19.0.1\bin\java.exe
0x00007ffb70030000 - 0x00007ffb70228000 	C:\WINDOWS\SYSTEM32\ntdll.dll
0x00007ffb6eab0000 - 0x00007ffb6eb6f000 	C:\WINDOWS\System32\KERNEL32.DLL
0x00007ffb6da80000 - 0x00007ffb6dd76000 	C:\WINDOWS\System32\KERNELBASE.dll
0x00007ffb6d770000 - 0x00007ffb6d870000 	C:\WINDOWS\System32\ucrtbase.dll
0x00007ffb69110000 - 0x00007ffb69127000 	C:\Users\1dzis\.jdks\openjdk-19.0.1\bin\jli.dll
0x00007ffb69130000 - 0x00007ffb6914b000 	C:\Users\1dzis\.jdks\openjdk-19.0.1\bin\VCRUNTIME140.dll
0x00007ffb6f970000 - 0x00007ffb6fb0d000 	C:\WINDOWS\System32\USER32.dll
0x00007ffb56460000 - 0x00007ffb566fa000 	C:\WINDOWS\WinSxS\amd64_microsoft.windows.common-controls_6595b64144ccf1df_6.0.19041.1110_none_60b5254171f9507e\COMCTL32.dll
0x00007ffb6d710000 - 0x00007ffb6d732000 	C:\WINDOWS\System32\win32u.dll
0x00007ffb6e9f0000 - 0x00007ffb6ea8e000 	C:\WINDOWS\System32\msvcrt.dll
0x00007ffb6e140000 - 0x00007ffb6e16c000 	C:\WINDOWS\System32\GDI32.dll
0x00007ffb6de10000 - 0x00007ffb6df25000 	C:\WINDOWS\System32\gdi32full.dll
0x00007ffb6d8c0000 - 0x00007ffb6d95d000 	C:\WINDOWS\System32\msvcp_win.dll
0x00007ffb6fd60000 - 0x00007ffb6fd90000 	C:\WINDOWS\System32\IMM32.DLL
0x00007ffb69330000 - 0x00007ffb6933c000 	C:\Users\1dzis\.jdks\openjdk-19.0.1\bin\vcruntime140_1.dll
0x00007ffb63dc0000 - 0x00007ffb63e4e000 	C:\Users\1dzis\.jdks\openjdk-19.0.1\bin\msvcp140.dll
0x00007ffb3a630000 - 0x00007ffb3b2f0000 	C:\Users\1dzis\.jdks\openjdk-19.0.1\bin\server\jvm.dll
0x00007ffb6e090000 - 0x00007ffb6e13f000 	C:\WINDOWS\System32\ADVAPI32.dll
0x00007ffb6f250000 - 0x00007ffb6f2ec000 	C:\WINDOWS\System32\sechost.dll
0x00007ffb6fec0000 - 0x00007ffb6ffe6000 	C:\WINDOWS\System32\RPCRT4.dll
0x00007ffb67e30000 - 0x00007ffb67e39000 	C:\WINDOWS\SYSTEM32\WSOCK32.dll
0x00007ffb57830000 - 0x00007ffb57857000 	C:\WINDOWS\SYSTEM32\WINMM.dll
0x00007ffb65960000 - 0x00007ffb6596a000 	C:\WINDOWS\SYSTEM32\VERSION.dll
0x00007ffb6fbc0000 - 0x00007ffb6fc2b000 	C:\WINDOWS\System32\WS2_32.dll
0x00007ffb6b570000 - 0x00007ffb6b582000 	C:\WINDOWS\SYSTEM32\kernel.appcore.dll
0x00007ffb69180000 - 0x00007ffb6918a000 	C:\Users\1dzis\.jdks\openjdk-19.0.1\bin\jimage.dll
0x00007ffb5a480000 - 0x00007ffb5a664000 	C:\WINDOWS\SYSTEM32\DBGHELP.DLL
0x00007ffb56b10000 - 0x00007ffb56b44000 	C:\WINDOWS\SYSTEM32\dbgcore.DLL
0x00007ffb6dd80000 - 0x00007ffb6de02000 	C:\WINDOWS\System32\bcryptPrimitives.dll
0x00007ffb690d0000 - 0x00007ffb690de000 	C:\Users\1dzis\.jdks\openjdk-19.0.1\bin\instrument.dll
0x00007ffb690e0000 - 0x00007ffb69106000 	C:\Users\1dzis\.jdks\openjdk-19.0.1\bin\java.dll
0x00007ffb51350000 - 0x00007ffb51427000 	C:\Users\1dzis\.jdks\openjdk-19.0.1\bin\jsvml.dll
0x00007ffb6e240000 - 0x00007ffb6e984000 	C:\WINDOWS\System32\SHELL32.dll
0x00007ffb6b770000 - 0x00007ffb6bf03000 	C:\WINDOWS\SYSTEM32\windows.storage.dll
0x00007ffb6f4a0000 - 0x00007ffb6f7f4000 	C:\WINDOWS\System32\combase.dll
0x00007ffb6d070000 - 0x00007ffb6d09e000 	C:\WINDOWS\SYSTEM32\Wldp.dll
0x00007ffb6fb10000 - 0x00007ffb6fbbd000 	C:\WINDOWS\System32\SHCORE.dll
0x00007ffb6f910000 - 0x00007ffb6f965000 	C:\WINDOWS\System32\shlwapi.dll
0x00007ffb6d640000 - 0x00007ffb6d665000 	C:\WINDOWS\SYSTEM32\profapi.dll
0x00007ffb66b50000 - 0x00007ffb66b68000 	C:\Users\1dzis\.jdks\openjdk-19.0.1\bin\zip.dll
0x00007ffb67b30000 - 0x00007ffb67b43000 	C:\Users\1dzis\.jdks\openjdk-19.0.1\bin\net.dll
0x00007ffb66df0000 - 0x00007ffb66efa000 	C:\WINDOWS\SYSTEM32\WINHTTP.dll
0x00007ffb6ce50000 - 0x00007ffb6ceba000 	C:\WINDOWS\system32\mswsock.dll
0x00007ffb66bd0000 - 0x00007ffb66be6000 	C:\Users\1dzis\.jdks\openjdk-19.0.1\bin\nio.dll
0x00007ffb646b0000 - 0x00007ffb646ca000 	C:\Program Files\JetBrains\IntelliJ IDEA Community Edition 2022.3.1\bin\breakgen64.dll
0x00007ffb66010000 - 0x00007ffb66018000 	C:\Users\1dzis\.jdks\openjdk-19.0.1\bin\extnet.dll
0x00007ffb670e0000 - 0x00007ffb670f0000 	C:\Users\1dzis\.jdks\openjdk-19.0.1\bin\verify.dll
0x00007ffb66150000 - 0x00007ffb6615a000 	C:\Users\1dzis\.jdks\openjdk-19.0.1\bin\management.dll
0x00007ffb66020000 - 0x00007ffb6602b000 	C:\Users\1dzis\.jdks\openjdk-19.0.1\bin\management_ext.dll
0x00007ffb6fd90000 - 0x00007ffb6fd98000 	C:\WINDOWS\System32\PSAPI.DLL
0x00007ffb54780000 - 0x00007ffb54797000 	C:\WINDOWS\system32\napinsp.dll
0x00007ffb54760000 - 0x00007ffb5477b000 	C:\WINDOWS\system32\pnrpnsp.dll
0x00007ffb67130000 - 0x00007ffb67145000 	C:\WINDOWS\system32\wshbth.dll
0x00007ffb69020000 - 0x00007ffb6903d000 	C:\WINDOWS\system32\NLAapi.dll
0x00007ffb6cb10000 - 0x00007ffb6cb4b000 	C:\WINDOWS\SYSTEM32\IPHLPAPI.DLL
0x00007ffb6cb60000 - 0x00007ffb6cc2a000 	C:\WINDOWS\SYSTEM32\DNSAPI.dll
0x00007ffb6eaa0000 - 0x00007ffb6eaa8000 	C:\WINDOWS\System32\NSI.dll
0x00007ffb54740000 - 0x00007ffb54752000 	C:\WINDOWS\System32\winrnr.dll
0x00007ffb5c820000 - 0x00007ffb5c82a000 	C:\Windows\System32\rasadhlp.dll
0x00007ffb5ffb0000 - 0x00007ffb60032000 	C:\WINDOWS\System32\fwpuclnt.dll
0x00007ffb6d740000 - 0x00007ffb6d767000 	C:\WINDOWS\System32\bcrypt.dll
0x00007ffb6d3b0000 - 0x00007ffb6d3c8000 	C:\WINDOWS\SYSTEM32\CRYPTSP.dll
0x00007ffb6c710000 - 0x00007ffb6c744000 	C:\WINDOWS\system32\rsaenh.dll
0x00007ffb6d600000 - 0x00007ffb6d62e000 	C:\WINDOWS\SYSTEM32\USERENV.dll
0x00007ffb6cfe0000 - 0x00007ffb6cfec000 	C:\WINDOWS\SYSTEM32\CRYPTBASE.dll
0x00007ffb65b20000 - 0x00007ffb65b37000 	C:\WINDOWS\SYSTEM32\dhcpcsvc6.DLL
0x00007ffb66560000 - 0x00007ffb6657d000 	C:\WINDOWS\SYSTEM32\dhcpcsvc.DLL
0x00007ffb63db0000 - 0x00007ffb63dbe000 	C:\Users\1dzis\.jdks\openjdk-19.0.1\bin\sunmscapi.dll
0x00007ffb6df30000 - 0x00007ffb6e08e000 	C:\WINDOWS\System32\CRYPT32.dll
0x00007ffb6d0e0000 - 0x00007ffb6d108000 	C:\WINDOWS\SYSTEM32\ncrypt.dll
0x00007ffb6d0a0000 - 0x00007ffb6d0db000 	C:\WINDOWS\SYSTEM32\NTASN1.dll

dbghelp: loaded successfully - version: 4.0.5 - missing functions: none
symbol engine: initialized successfully - sym options: 0x614 - pdb path: .;C:\Users\1dzis\.jdks\openjdk-19.0.1\bin;C:\WINDOWS\SYSTEM32;C:\WINDOWS\WinSxS\amd64_microsoft.windows.common-controls_6595b64144ccf1df_6.0.19041.1110_none_60b5254171f9507e;C:\Users\1dzis\.jdks\openjdk-19.0.1\bin\server;C:\Program Files\JetBrains\IntelliJ IDEA Community Edition 2022.3.1\bin

VM Arguments:
jvm_args: -javaagent:C:\Program Files\JetBrains\IntelliJ IDEA Community Edition 2022.3.1\lib\idea_rt.jar=58996:C:\Program Files\JetBrains\IntelliJ IDEA Community Edition 2022.3.1\bin -Dfile.encoding=UTF-8 -Dsun.stdout.encoding=UTF-8 -Dsun.stderr.encoding=UTF-8 
java_command: com.example.wealthFund.WealthFundApplication
java_class_path (initial): C:\Users\1dzis\Desktop\PROGRAMOWANIE\Repository\wealth-fund\target\classes;C:\Users\1dzis\.m2\repository\org\springframework\boot\spring-boot-starter\2.7.12\spring-boot-starter-2.7.12.jar;C:\Users\1dzis\.m2\repository\org\springframework\boot\spring-boot\2.7.12\spring-boot-2.7.12.jar;C:\Users\1dzis\.m2\repository\org\springframework\boot\spring-boot-autoconfigure\2.7.12\spring-boot-autoconfigure-2.7.12.jar;C:\Users\1dzis\.m2\repository\org\springframework\boot\spring-boot-starter-logging\2.7.12\spring-boot-starter-logging-2.7.12.jar;C:\Users\1dzis\.m2\repository\ch\qos\logback\logback-classic\1.2.12\logback-classic-1.2.12.jar;C:\Users\1dzis\.m2\repository\ch\qos\logback\logback-core\1.2.12\logback-core-1.2.12.jar;C:\Users\1dzis\.m2\repository\org\apache\logging\log4j\log4j-to-slf4j\2.17.2\log4j-to-slf4j-2.17.2.jar;C:\Users\1dzis\.m2\repository\org\apache\logging\log4j\log4j-api\2.17.2\log4j-api-2.17.2.jar;C:\Users\1dzis\.m2\repository\org\slf4j\jul-to-slf4j\1.7.36\jul-to-slf4j-1.7.36.jar;C:\Users\1dzis\.m2\repository\jakarta\annotation\jakarta.annotation-api\1.3.5\jakarta.annotation-api-1.3.5.jar;C:\Users\1dzis\.m2\repository\org\yaml\snakeyaml\1.30\snakeyaml-1.30.jar;C:\Users\1dzis\.m2\repository\org\slf4j\slf4j-api\1.7.36\slf4j-api-1.7.36.jar;C:\Users\1dzis\.m2\repository\jakarta\xml\bind\jakarta.xml.bind-api\2.3.3\jakarta.xml.bind-api-2.3.3.jar;C:\Users\1dzis\.m2\repository\jakarta\activation\jakarta.activation-api\1.2.2\jakarta.activation-api-1.2.2.jar;C:\Users\1dzis\.m2\repository\org\springframework\spring-core\5.3.27\spring-core-5.3.27.jar;C:\Users\1dzis\.m2\repository\org\springframework\spring-jcl\5.3.27\spring-jcl-5.3.27.jar;C:\Users\1dzis\.m2\repository\org\springframework\boot\spring-boot-starter-web\2.7.12\spring-boot-starter-web-2.7.12.jar;C:\Users\1dzis\.m2\repository\org\springframework\boot\spring-boot-starter-json\2.7.12\spring-boot-starter-json-2.7.12.jar;C:\Users\1dzis\.m2\repository\com\fasterxml\jackson\core\jackson-databind\2.13.5\jackson-databind-2.13.5.jar;C:\Users\1dzis\.m2\repository\com\fasterxml\jackson\core\jackson-annotations\2.13.5\jackson-annotations-2.13.5.jar;C:\Users\1dzis\.m2\repository\com\fasterxml\jackson\datatype\jackson-datatype-jdk8\2.13.5\jackson-datatype-jdk8-2.13.5.jar;C:\Users\1dzis\.m2\repository\com\fasterxml\jackson\datatype\jackson-datatype-jsr310\2.13.5\jackson-datatype-jsr310-2.13.5.jar;C:\Users\1dzis\.m2\repository\com\fasterxml\jackson\module\jackson-module-parameter-names\2.13.5\jackson-module-parameter-names-2.13.5.jar;C:\Users\1dzis\.m2\repository\org\springframework\boot\spring-boot-starter-tomcat\2.7.12\spring-boot-starter-tomcat-2.7.12.jar;C:\Users\1dzis\.m2\repository\org\apache\tomcat\embed\tomcat-embed-core\9.0.75\tomcat-embed-core-9.0.75.jar;C:\Users\1dzis\.m2\repository\org\apache\tomcat\embed\tomcat-embed-el\9.0.75\tomcat-embed-el-9.0.75.jar;C:\Users\1dzis\.m2\repository\org\apache\tomcat\embed\tomcat-embed-websocket\9.0.75\tomcat-embed-websocket-9.0.75.jar;C:\Users\1dzis\.m2\repository\org\springframework\spring-webmvc\5.3.27\spring-webmvc-5.3.27.jar;C:\Users\1dzis\.m2\repository\org\springframework\spring-aop\5.3.27\spring-aop-5.3.27.jar;C:\Users\1dzis\.m2\repository\org\springframework\spring-context\5.3.27\spring-context-5.3.27.jar;C:\Users\1dzis\.m2\repository\org\springframework\spring-expression\5.3.27\spring-expression-5.3.27.jar;C:\Users\1dzis\.m2\repository\org\springframework\spring-web\5.3.27\spring-web-5.3.27.jar;C:\Users\1dzis\.m2\repository\org\springframework\spring-beans\5.3.27\spring-beans-5.3.27.jar;C:\Users\1dzis\.m2\repository\org\springframework\boot\spring-boot-starter-data-jpa\2.7.12\spring-boot-starter-data-jpa-2.7.12.jar;C:\Users\1dzis\.m2\repository\org\springframework\boot\spring-boot-starter-aop\2.7.12\spring-boot-starter-aop-2.7.12.jar;C:\Users\1dzis\.m2\repository\org\aspectj\aspectjweaver\1.9.7\aspectjweaver-1.9.7.jar;C:\Users\1dzis\.m2\repository\org\springframework\boot\spring-boot-starter-jdbc\2.7.12\spring-boot-starter-jdbc-2.7.12.jar;C:\Users\1dzis\.m2\repository\com\zaxxer\HikariCP\4.0.3\HikariCP-4.0.3.jar;C:\Users\1dzis\.m2\repository\org\springframework\spring-jdbc\5.3.27\spring-jdbc-5.3.27.jar;C:\Users\1dzis\.m2\repository\jakarta\transaction\jakarta.transaction-api\1.3.3\jakarta.transaction-api-1.3.3.jar;C:\Users\1dzis\.m2\repository\jakarta\persistence\jakarta.persistence-api\2.2.3\jakarta.persistence-api-2.2.3.jar;C:\Users\1dzis\.m2\repository\org\hibernate\hibernate-core\5.6.15.Final\hibernate-core-5.6.15.Final.jar;C:\Users\1dzis\.m2\repository\org\jboss\logging\jboss-logging\3.4.3.Final\jboss-logging-3.4.3.Final.jar;C:\Users\1dzis\.m2\repository\antlr\antlr\2.7.7\antlr-2.7.7.jar;C:\Users\1dzis\.m2\repository\org\jboss\jandex\2.4.2.Final\jandex-2.4.2.Final.jar;C:\Users\1dzis\.m2\repository\com\fasterxml\classmate\1.5.1\classmate-1.5.1.jar;C:\Users\1dzis\.m2\repository\org\hibernate\common\hibernate-commons-annotations\5.1.2.Final\hibernate-commons-annotations-5.1.2.Final.jar;C:\Users\1dzis\.m2\repository\org\glassfish\jaxb\jaxb-runtime\2.3.8\jaxb-runtime-2.3.8.jar;C:\Users\1dzis\.m2\repository\org\glassfish\jaxb\txw2\2.3.8\txw2-2.3.8.jar;C:\Users\1dzis\.m2\repository\com\sun\istack\istack-commons-runtime\3.0.12\istack-commons-runtime-3.0.12.jar;C:\Users\1dzis\.m2\repository\com\sun\activation\jakarta.activation\1.2.2\jakarta.activation-1.2.2.jar;C:\Users\1dzis\.m2\repository\org\springframework\data\spring-data-jpa\2.7.12\spring-data-jpa-2.7.12.jar;C:\Users\1dzis\.m2\repository\org\springframework\data\spring-data-commons\2.7.12\spring-data-commons-2.7.12.jar;C:\Users\1dzis\.m2\repository\org\springframework\spring-orm\5.3.27\spring-orm-5.3.27.jar;C:\Users\1dzis\.m2\repository\org\springframework\spring-tx\5.3.27\spring-tx-5.3.27.jar;C:\Users\1dzis\.m2\repository\org\springframework\spring-aspects\5.3.27\spring-aspects-5.3.27.jar;C:\Users\1dzis\.m2\repository\com\mysql\mysql-connector-j\8.0.33\mysql-connector-j-8.0.33.jar;C:\Users\1dzis\.m2\repository\org\springframework\boot\spring-boot-starter-thymeleaf\2.7.12\spring-boot-starter-thymeleaf-2.7.12.jar;C:\Users\1dzis\.m2\repository\org\thymeleaf\thymeleaf-spring5\3.0.15.RELEASE\thymeleaf-spring5-3.0.15.RELEASE.jar;C:\Users\1dzis\.m2\repository\org\thymeleaf\thymeleaf\3.0.15.RELEASE\thymeleaf-3.0.15.RELEASE.jar;C:\Users\1dzis\.m2\repository\org\attoparser\attoparser\2.0.5.RELEASE\attoparser-2.0.5.RELEASE.jar;C:\Users\1dzis\.m2\repository\org\unbescape\unbescape\1.1.6.RELEASE\unbescape-1.1.6.RELEASE.jar;C:\Users\1dzis\.m2\repository\org\thymeleaf\extras\thymeleaf-extras-java8time\3.0.4.RELEASE\thymeleaf-extras-java8time-3.0.4.RELEASE.jar;C:\Users\1dzis\.m2\repository\org\projectlombok\lombok\1.18.26\lombok-1.18.26.jar;C:\Users\1dzis\.m2\repository\com\google\code\gson\gson\2.10.1\gson-2.10.1.jar;C:\Users\1dzis\.m2\repository\org\springdoc\springdoc-openapi-ui\1.6.15\springdoc-openapi-ui-1.6.15.jar;C:\Users\1dzis\.m2\repository\org\springdoc\springdoc-openapi-webmvc-core\1.6.15\springdoc-openapi-webmvc-core-1.6.15.jar;C:\Users\1dzis\.m2\repository\org\springdoc\springdoc-openapi-common\1.6.15\springdoc-openapi-common-1.6.15.jar;C:\Users\1dzis\.m2\repository\io\swagger\core\v3\swagger-core\2.2.8\swagger-core-2.2.8.jar;C:\Users\1dzis\.m2\repository\com\fasterxml\jackson\dataformat\jackson-dataformat-yaml\2.13.5\jackson-dataformat-yaml-2.13.5.jar;C:\Users\1dzis\.m2\repository\io\swagger\core\v3\swagger-annotations\2.2.8\swagger-annotations-2.2.8.jar;C:\Users\1dzis\.m2\repository\io\swagger\core\v3\swagger-models\2.2.8\swagger-models-2.2.8.jar;C:\Users\1dzis\.m2\repository\jakarta\validation\jakarta.validation-api\2.0.2\jakarta.validation-api-2.0.2.jar;C:\Users\1dzis\.m2\repository\org\webjars\swagger-ui\4.17.1\swagger-ui-4.17.1.jar;C:\Users\1dzis\.m2\repository\org\webjars\webjars-locator-core\0.50\webjars-locator-core-0.50.jar;C:\Users\1dzis\.m2\repository\com\fasterxml\jackson\core\jackson-core\2.13.5\jackson-core-2.13.5.jar;C:\Users\1dzis\.m2\repository\io\github\classgraph\classgraph\4.8.149\classgraph-4.8.149.jar;C:\Users\1dzis\.m2\repository\net\bytebuddy\byte-buddy\1.12.23\byte-buddy-1.12.23.jar;C:\Users\1dzis\.m2\repository\org\mapstruct\mapstruct\1.5.3.Final\mapstruct-1.5.3.Final.jar;C:\Users\1dzis\.m2\repository\com\github\ben-manes\caffeine\caffeine\3.0.0\caffeine-3.0.0.jar;C:\Users\1dzis\.m2\repository\org\checkerframework\checker-qual\3.10.0\checker-qual-3.10.0.jar;C:\Users\1dzis\.m2\repository\com\google\errorprone\error_prone_annotations\2.5.1\error_prone_annotations-2.5.1.jar;C:\Users\1dzis\.m2\repository\org\apache\commons\commons-csv\1.10.0\commons-csv-1.10.0.jar;C:\Users\1dzis\.m2\repository\com\opencsv\opencsv\5.5.2\opencsv-5.5.2.jar;C:\Users\1dzis\.m2\repository\org\apache\commons\commons-lang3\3.12.0\commons-lang3-3.12.0.jar;C:\Users\1dzis\.m2\repository\org\apache\commons\commons-text\1.9\commons-text-1.9.jar;C:\Users\1dzis\.m2\repository\commons-beanutils\commons-beanutils\1.9.4\commons-beanutils-1.9.4.jar;C:\Users\1dzis\.m2\repository\commons-logging\commons-logging\1.2\commons-logging-1.2.jar;C:\Users\1dzis\.m2\repository\commons-collections\commons-collections\3.2.2\commons-collections-3.2.2.jar;C:\Users\1dzis\.m2\repository\org\apache\commons\commons-collections4\4.4\commons-collections4-4.4.jar;C:\Users\1dzis\.m2\repository\org\jsoup\jsoup\1.14.3\jsoup-1.14.3.jar
Launcher Type: SUN_STANDARD

[Global flags]
     intx CICompilerCount                          = 4                                         {product} {ergonomic}
     uint ConcGCThreads                            = 2                                         {product} {ergonomic}
     uint G1ConcRefinementThreads                  = 8                                         {product} {ergonomic}
   size_t G1HeapRegionSize                         = 1048576                                   {product} {ergonomic}
    uintx GCDrainStackTargetSize                   = 64                                        {product} {ergonomic}
   size_t InitialHeapSize                          = 134217728                                 {product} {ergonomic}
   size_t MarkStackSize                            = 4194304                                   {product} {ergonomic}
   size_t MaxHeapSize                              = 2126512128                                {product} {ergonomic}
   size_t MaxNewSize                               = 1275068416                                {product} {ergonomic}
   size_t MinHeapDeltaBytes                        = 1048576                                   {product} {ergonomic}
   size_t MinHeapSize                              = 8388608                                   {product} {ergonomic}
    uintx NonNMethodCodeHeapSize                   = 5839372                                {pd product} {ergonomic}
    uintx NonProfiledCodeHeapSize                  = 122909434                              {pd product} {ergonomic}
    uintx ProfiledCodeHeapSize                     = 122909434                              {pd product} {ergonomic}
    uintx ReservedCodeCacheSize                    = 251658240                              {pd product} {ergonomic}
     bool SegmentedCodeCache                       = true                                      {product} {ergonomic}
   size_t SoftMaxHeapSize                          = 2126512128                             {manageable} {ergonomic}
     bool UseCompressedClassPointers               = true                           {product lp64_product} {ergonomic}
     bool UseCompressedOops                        = true                           {product lp64_product} {ergonomic}
     bool UseG1GC                                  = true                                      {product} {ergonomic}
     bool UseLargePagesIndividualAllocation        = false                                  {pd product} {ergonomic}

Logging:
Log output configuration:
 #0: stdout all=warning uptime,level,tags foldmultilines=false
 #1: stderr all=off uptime,level,tags foldmultilines=false

Environment Variables:
JAVA_HOME=C:\Program Files\Java\jdk-17.0.2
PATH=C:\Python311\Scripts\;C:\Python311\;C:\Program Files\Common Files\Oracle\Java\javapath;C:\WINDOWS\system32;C:\WINDOWS;C:\WINDOWS\System32\Wbem;C:\WINDOWS\System32\WindowsPowerShell\v1.0\;C:\WINDOWS\System32\OpenSSH\;C:\Program Files\Java\jdk-17.0.2\Bin;C:\Program Files\Git\cmd;C:\ProgramData\chocolatey\bin;C:\Program Files\nodejs\;C:\Users\1dzis\AppData\Local\Microsoft\WindowsApps;C:\Program Files\JetBrains\IntelliJ IDEA Community Edition 2022.3.1\bin;;C:\Users\1dzis\AppData\Local\Programs\Microsoft VS Code\bin;C:\Program Files (x86)\Brackets\;C:\Users\1dzis\AppData\Roaming\npm
USERNAME=1dzis
OS=Windows_NT
PROCESSOR_IDENTIFIER=Intel64 Family 6 Model 60 Stepping 3, GenuineIntel
TMP=C:\Users\1dzis\AppData\Local\Temp
TEMP=C:\Users\1dzis\AppData\Local\Temp



---------------  S Y S T E M  ---------------

OS:
 Windows 10 , 64 bit Build 19041 (10.0.19041.3155)
OS uptime: 10 days 17:05 hours
Hyper-V role detected

CPU: total 8 (initial active 8) (4 cores per cpu, 2 threads per core) family 6 model 60 stepping 3 microcode 0x27, cx8, cmov, fxsr, ht, mmx, sse, sse2, sse3, ssse3, sse4.1, sse4.2, popcnt, lzcnt, tsc, tscinvbit, avx, avx2, aes, erms, clmul, bmi1, bmi2, fma, vzeroupper, clflush, hv, rdtscp

Memory: 4k page, system-wide physical 8108M (395M free)
TotalPageFile size 26046M (AvailPageFile size 35M)
current process WorkingSet (physical memory assigned to process): 258M, peak: 285M
current process commit charge ("private bytes"): 297M, peak: 328M

vm_info: OpenJDK 64-Bit Server VM (19.0.1+10-21) for windows-amd64 JRE (19.0.1+10-21), built on 2022-09-14T12:45:06Z by "mach5one" with MS VC++ 17.1 (VS2022)

END.
